mode: set
github.com/orololuwa/reimagined-robot/main.go:15.37,28.16 10 1
github.com/orololuwa/reimagined-robot/main.go:28.16,30.3 1 0
github.com/orololuwa/reimagined-robot/main.go:31.2,31.33 1 1
github.com/orololuwa/reimagined-robot/main.go:31.33,32.13 1 0
github.com/orololuwa/reimagined-robot/main.go:34.2,43.24 7 1
github.com/orololuwa/reimagined-robot/main.go:48.12,50.17 2 0
github.com/orololuwa/reimagined-robot/main.go:50.17,52.3 1 0
github.com/orololuwa/reimagined-robot/main.go:53.2,63.16 5 0
github.com/orololuwa/reimagined-robot/main.go:63.16,65.3 1 0
github.com/orololuwa/reimagined-robot/handlers/handlers.go:20.29,25.2 2 0
github.com/orololuwa/reimagined-robot/handlers/handlers.go:27.74,38.16 4 1
github.com/orololuwa/reimagined-robot/handlers/handlers.go:38.16,44.17 5 1
github.com/orololuwa/reimagined-robot/handlers/handlers.go:44.17,46.4 1 0
github.com/orololuwa/reimagined-robot/handlers/handlers.go:48.3,49.9 2 1
github.com/orololuwa/reimagined-robot/handlers/handlers.go:52.2,60.16 3 1
github.com/orololuwa/reimagined-robot/handlers/handlers.go:60.16,66.17 5 1
github.com/orololuwa/reimagined-robot/handlers/handlers.go:66.17,68.4 1 0
github.com/orololuwa/reimagined-robot/handlers/handlers.go:70.3,71.9 2 1
github.com/orololuwa/reimagined-robot/handlers/handlers.go:74.2,76.16 3 1
github.com/orololuwa/reimagined-robot/handlers/handlers.go:76.16,79.3 2 0
github.com/orololuwa/reimagined-robot/handlers/handlers.go:80.2,82.23 3 1
github.com/orololuwa/reimagined-robot/handlers/handlers.go:85.70,88.17 3 1
github.com/orololuwa/reimagined-robot/handlers/handlers.go:88.17,94.17 5 1
github.com/orololuwa/reimagined-robot/handlers/handlers.go:94.17,96.4 1 0
github.com/orololuwa/reimagined-robot/handlers/handlers.go:98.3,99.9 2 1
github.com/orololuwa/reimagined-robot/handlers/handlers.go:102.2,103.16 2 1
github.com/orololuwa/reimagined-robot/handlers/handlers.go:103.16,109.17 5 1
github.com/orololuwa/reimagined-robot/handlers/handlers.go:109.17,111.4 1 0
github.com/orololuwa/reimagined-robot/handlers/handlers.go:113.3,114.9 2 1
github.com/orololuwa/reimagined-robot/handlers/handlers.go:117.2,119.16 3 1
github.com/orololuwa/reimagined-robot/handlers/handlers.go:119.16,122.3 2 0
github.com/orololuwa/reimagined-robot/handlers/handlers.go:123.2,125.23 3 1
